# JRE version: Java(TM) SE Runtime Environment (8.0_202-b08) (build 1.8.0_202-b08)
# Java VM: Java HotSpot(TM) 64-Bit Server VM (25.202-b08 mixed mode windows-amd64 compressed oops)
Heap:
 PSYoungGen      total 397824K, used 93220K [0x00000000e0000000, 0x00000000ff880000, 0x0000000100000000)
  eden space 288256K, 30% used [0x00000000e0000000,0x00000000e5655c38,0x00000000f1980000)
  from space 109568K, 4% used [0x00000000f8d80000,0x00000000f92336a8,0x00000000ff880000)
  to   space 114176K, 0% used [0x00000000f1980000,0x00000000f1980000,0x00000000f8900000)
 ParOldGen       total 407040K, used 230126K [0x00000000a0000000, 0x00000000b8d80000, 0x00000000e0000000)
  object space 407040K, 56% used [0x00000000a0000000,0x00000000ae0bbb68,0x00000000b8d80000)
 Metaspace       used 102825K, capacity 107618K, committed 108056K, reserved 1142784K
  class space    used 12997K, capacity 13963K, committed 14120K, reserved 1048576K
GC Heap History (10 events):
Event: 1040.560 GC heap before
{Heap before GC invocations=62 (full 6):
 PSYoungGen      total 406016K, used 364649K [0x00000000e0000000, 0x0000000100000000, 0x0000000100000000)
  eden space 299008K, 96% used [0x00000000e0000000,0x00000000f1a22810,0x00000000f2400000)
  from space 107008K, 70% used [0x00000000f2400000,0x00000000f6df7bf8,0x00000000f8c80000)
  to   space 115712K, 0% used [0x00000000f8f00000,0x00000000f8f00000,0x0000000100000000)
 ParOldGen       total 407040K, used 113845K [0x00000000a0000000, 0x00000000b8d80000, 0x00000000e0000000)
  object space 407040K, 27% used [0x00000000a0000000,0x00000000a6f2d730,0x00000000b8d80000)
 Metaspace       used 101903K, capacity 106528K, committed 107160K, reserved 1142784K
  class space    used 12844K, capacity 13790K, committed 13992K, reserved 1048576K
Event: 1040.575 GC heap after
Heap after GC invocations=62 (full 6):
 PSYoungGen      total 393216K, used 79264K [0x00000000e0000000, 0x0000000100000000, 0x0000000100000000)
  eden space 277504K, 0% used [0x00000000e0000000,0x00000000e0000000,0x00000000f0f00000)
  from space 115712K, 68% used [0x00000000f8f00000,0x00000000fdc68118,0x0000000100000000)
  to   space 123392K, 0% used [0x00000000f0f00000,0x00000000f0f00000,0x00000000f8780000)
 ParOldGen       total 407040K, used 149610K [0x00000000a0000000, 0x00000000b8d80000, 0x00000000e0000000)
  object space 407040K, 36% used [0x00000000a0000000,0x00000000a921a970,0x00000000b8d80000)
 Metaspace       used 101903K, capacity 106528K, committed 107160K, reserved 1142784K
  class space    used 12844K, capacity 13790K, committed 13992K, reserved 1048576K
}
Event: 1042.025 GC heap before
{Heap before GC invocations=63 (full 6):
 PSYoungGen      total 393216K, used 356726K [0x00000000e0000000, 0x0000000100000000, 0x0000000100000000)
  eden space 277504K, 99% used [0x00000000e0000000,0x00000000f0ef59f8,0x00000000f0f00000)
  from space 115712K, 68% used [0x00000000f8f00000,0x00000000fdc68118,0x0000000100000000)
  to   space 123392K, 0% used [0x00000000f0f00000,0x00000000f0f00000,0x00000000f8780000)
 ParOldGen       total 407040K, used 149610K [0x00000000a0000000, 0x00000000b8d80000, 0x00000000e0000000)
  object space 407040K, 36% used [0x00000000a0000000,0x00000000a921a970,0x00000000b8d80000)
 Metaspace       used 102065K, capacity 106730K, committed 107160K, reserved 1142784K
  class space    used 12874K, capacity 13831K, committed 13992K, reserved 1048576K
Event: 1042.039 GC heap after
Heap after GC invocations=63 (full 6):
 PSYoungGen      total 400896K, used 52870K [0x00000000e0000000, 0x00000000fff80000, 0x0000000100000000)
  eden space 277504K, 0% used [0x00000000e0000000,0x00000000e0000000,0x00000000f0f00000)
  from space 123392K, 42% used [0x00000000f0f00000,0x00000000f42a1bf8,0x00000000f8780000)
  to   space 119296K, 0% used [0x00000000f8b00000,0x00000000f8b00000,0x00000000fff80000)
 ParOldGen       total 407040K, used 195985K [0x00000000a0000000, 0x00000000b8d80000, 0x00000000e0000000)
  object space 407040K, 48% used [0x00000000a0000000,0x00000000abf64760,0x00000000b8d80000)
 Metaspace       used 102065K, capacity 106730K, committed 107160K, reserved 1142784K
  class space    used 12874K, capacity 13831K, committed 13992K, reserved 1048576K
}
Event: 1042.633 GC heap before
{Heap before GC invocations=64 (full 6):
 PSYoungGen      total 400896K, used 330328K [0x00000000e0000000, 0x00000000fff80000, 0x0000000100000000)
  eden space 277504K, 99% used [0x00000000e0000000,0x00000000f0ef4490,0x00000000f0f00000)
  from space 123392K, 42% used [0x00000000f0f00000,0x00000000f42a1bf8,0x00000000f8780000)
  to   space 119296K, 0% used [0x00000000f8b00000,0x00000000f8b00000,0x00000000fff80000)
 ParOldGen       total 407040K, used 195985K [0x00000000a0000000, 0x00000000b8d80000, 0x00000000e0000000)
  object space 407040K, 48% used [0x00000000a0000000,0x00000000abf64760,0x00000000b8d80000)
 Metaspace       used 102074K, capacity 106730K, committed 107160K, reserved 1142784K
  class space    used 12874K, capacity 13831K, committed 13992K, reserved 1048576K
Event: 1042.639 GC heap after
Heap after GC invocations=64 (full 6):
 PSYoungGen      total 396288K, used 288K [0x00000000e0000000, 0x00000000ffb00000, 0x0000000100000000)
  eden space 281600K, 0% used [0x00000000e0000000,0x00000000e0000000,0x00000000f1300000)
  from space 114688K, 0% used [0x00000000f8b00000,0x00000000f8b48000,0x00000000ffb00000)
  to   space 118784K, 0% used [0x00000000f1300000,0x00000000f1300000,0x00000000f8700000)
 ParOldGen       total 407040K, used 230118K [0x00000000a0000000, 0x00000000b8d80000, 0x00000000e0000000)
  object space 407040K, 56% used [0x00000000a0000000,0x00000000ae0b9b68,0x00000000b8d80000)
 Metaspace       used 102074K, capacity 106730K, committed 107160K, reserved 1142784K
  class space    used 12874K, capacity 13831K, committed 13992K, reserved 1048576K
}
Event: 1043.212 GC heap before
{Heap before GC invocations=65 (full 6):
 PSYoungGen      total 396288K, used 280975K [0x00000000e0000000, 0x00000000ffb00000, 0x0000000100000000)
  eden space 281600K, 99% used [0x00000000e0000000,0x00000000f121bef0,0x00000000f1300000)
  from space 114688K, 0% used [0x00000000f8b00000,0x00000000f8b48000,0x00000000ffb00000)
  to   space 118784K, 0% used [0x00000000f1300000,0x00000000f1300000,0x00000000f8700000)
 ParOldGen       total 407040K, used 230118K [0x00000000a0000000, 0x00000000b8d80000, 0x00000000e0000000)
  object space 407040K, 56% used [0x00000000a0000000,0x00000000ae0b9b68,0x00000000b8d80000)
 Metaspace       used 102075K, capacity 106730K, committed 107160K, reserved 1142784K
  class space    used 12874K, capacity 13831K, committed 13992K, reserved 1048576K
Event: 1043.216 GC heap after
Heap after GC invocations=65 (full 6):
 PSYoungGen      total 400384K, used 320K [0x00000000e0000000, 0x0000000100000000, 0x0000000100000000)
  eden space 281600K, 0% used [0x00000000e0000000,0x00000000e0000000,0x00000000f1300000)
  from space 118784K, 0% used [0x00000000f1300000,0x00000000f1350000,0x00000000f8700000)
  to   space 117248K, 0% used [0x00000000f8d80000,0x00000000f8d80000,0x0000000100000000)
 ParOldGen       total 407040K, used 230118K [0x00000000a0000000, 0x00000000b8d80000, 0x00000000e0000000)
  object space 407040K, 56% used [0x00000000a0000000,0x00000000ae0b9b68,0x00000000b8d80000)
 Metaspace       used 102075K, capacity 106730K, committed 107160K, reserved 1142784K
  class space    used 12874K, capacity 13831K, committed 13992K, reserved 1048576K
}
Event: 1155.839 GC heap before
{Heap before GC invocations=66 (full 6):
 PSYoungGen      total 400384K, used 281920K [0x00000000e0000000, 0x0000000100000000, 0x0000000100000000)
  eden space 281600K, 100% used [0x00000000e0000000,0x00000000f1300000,0x00000000f1300000)
  from space 118784K, 0% used [0x00000000f1300000,0x00000000f1350000,0x00000000f8700000)
  to   space 117248K, 0% used [0x00000000f8d80000,0x00000000f8d80000,0x0000000100000000)
 ParOldGen       total 407040K, used 230118K [0x00000000a0000000, 0x00000000b8d80000, 0x00000000e0000000)
  object space 407040K, 56% used [0x00000000a0000000,0x00000000ae0b9b68,0x00000000b8d80000)
 Metaspace       used 102798K, capacity 107554K, committed 107800K, reserved 1142784K
  class space    used 12997K, capacity 13963K, committed 14120K, reserved 1048576K
Event: 1155.871 GC heap after
Heap after GC invocations=66 (full 6):
 PSYoungGen      total 397824K, used 4813K [0x00000000e0000000, 0x00000000ff880000, 0x0000000100000000)
  eden space 288256K, 0% used [0x00000000e0000000,0x00000000e0000000,0x00000000f1980000)
  from space 109568K, 4% used [0x00000000f8d80000,0x00000000f92336a8,0x00000000ff880000)
  to   space 114176K, 0% used [0x00000000f1980000,0x00000000f1980000,0x00000000f8900000)
 ParOldGen       total 407040K, used 230126K [0x00000000a0000000, 0x00000000b8d80000, 0x00000000e0000000)
  object space 407040K, 56% used [0x00000000a0000000,0x00000000ae0bbb68,0x00000000b8d80000)
 Metaspace       used 102798K, capacity 107554K, committed 107800K, reserved 1142784K
  class space    used 12997K, capacity 13963K, committed 14120K, reserved 1048576K
}

